{"ts": "2025-09-25T23:12:30.591338Z", "level": "INFO", "logger": "processor", "msg": "Procesando ticket", "module": "processor", "func": "process_ticket", "line": 25, "request_id": "4b934b34-4f7a-43a0-85db-07afcdeb5f3a", "ticket_id": "T-1001", "stage": "start"}
{"ts": "2025-09-25T23:12:30.593847Z", "level": "INFO", "logger": "processor", "msg": "Clasificación OK", "module": "processor", "func": "process_ticket", "line": 30, "request_id": "4b934b34-4f7a-43a0-85db-07afcdeb5f3a", "ticket_id": "T-1001", "stage": "classify"}
{"ts": "2025-09-25T23:12:30.608944Z", "level": "WARNING", "logger": "notifier", "msg": "Telegram no configurado (BOT_TOKEN/CHAT_ID vacíos)", "module": "notifier", "func": "send_telegram_message", "line": 14, "request_id": "4b934b34-4f7a-43a0-85db-07afcdeb5f3a"}
{"ts": "2025-09-25T23:12:30.608944Z", "level": "ERROR", "logger": "dlq", "msg": "Ticket derivado a DLQ: 20250925T231230_T-1001_notify.json", "module": "dlq_handler", "func": "write_to_dlq", "line": 27, "request_id": "4b934b34-4f7a-43a0-85db-07afcdeb5f3a", "ticket_id": "T-1001", "stage": "notify"}
{"ts": "2025-09-25T23:12:30.608944Z", "level": "INFO", "logger": "processor", "msg": "Procesando ticket", "module": "processor", "func": "process_ticket", "line": 25, "request_id": "4b934b34-4f7a-43a0-85db-07afcdeb5f3a", "ticket_id": "T-1002", "stage": "start"}
{"ts": "2025-09-25T23:12:30.608944Z", "level": "INFO", "logger": "processor", "msg": "Clasificación OK", "module": "processor", "func": "process_ticket", "line": 30, "request_id": "4b934b34-4f7a-43a0-85db-07afcdeb5f3a", "ticket_id": "T-1002", "stage": "classify"}
{"ts": "2025-09-25T23:12:30.608944Z", "level": "INFO", "logger": "processor", "msg": "Procesamiento OK", "module": "processor", "func": "process_ticket", "line": 55, "request_id": "4b934b34-4f7a-43a0-85db-07afcdeb5f3a", "ticket_id": "T-1002", "stage": "end"}
{"ts": "2025-09-26T01:27:07.816871Z", "level": "INFO", "logger": "notifier", "msg": "Telegram config snapshot", "module": "notifier", "func": "<module>", "line": 13, "request_id": null, "ticket_id": null, "stage": "startup", "extra": {"has_token": true, "has_chat_id": true}}
{"ts": "2025-09-26T01:27:32.784006Z", "level": "INFO", "logger": "processor", "msg": "Procesando ticket", "module": "processor", "func": "process_ticket", "line": 25, "request_id": "70ca756e-a4d5-4bcd-9d29-d0967f2bdb0c", "ticket_id": "T-1001", "stage": "start"}
{"ts": "2025-09-26T01:27:32.784006Z", "level": "INFO", "logger": "processor", "msg": "Clasificación OK", "module": "processor", "func": "process_ticket", "line": 30, "request_id": "70ca756e-a4d5-4bcd-9d29-d0967f2bdb0c", "ticket_id": "T-1001", "stage": "classify"}
{"ts": "2025-09-26T01:27:35.522731Z", "level": "INFO", "logger": "notifier", "msg": "Notificación Telegram enviada", "module": "notifier", "func": "send_telegram_message", "line": 33, "request_id": "70ca756e-a4d5-4bcd-9d29-d0967f2bdb0c"}
{"ts": "2025-09-26T01:27:35.677639Z", "level": "INFO", "logger": "processor", "msg": "Notificación P1 OK", "module": "processor", "func": "process_ticket", "line": 53, "request_id": "70ca756e-a4d5-4bcd-9d29-d0967f2bdb0c", "ticket_id": "T-1001", "stage": "notify"}
{"ts": "2025-09-26T01:27:35.678191Z", "level": "INFO", "logger": "processor", "msg": "Procesamiento OK", "module": "processor", "func": "process_ticket", "line": 55, "request_id": "70ca756e-a4d5-4bcd-9d29-d0967f2bdb0c", "ticket_id": "T-1001", "stage": "end"}
{"ts": "2025-09-26T01:27:35.679211Z", "level": "INFO", "logger": "processor", "msg": "Procesando ticket", "module": "processor", "func": "process_ticket", "line": 25, "request_id": "70ca756e-a4d5-4bcd-9d29-d0967f2bdb0c", "ticket_id": "T-1002", "stage": "start"}
{"ts": "2025-09-26T01:27:35.680205Z", "level": "INFO", "logger": "processor", "msg": "Clasificación OK", "module": "processor", "func": "process_ticket", "line": 30, "request_id": "70ca756e-a4d5-4bcd-9d29-d0967f2bdb0c", "ticket_id": "T-1002", "stage": "classify"}
{"ts": "2025-09-26T01:27:35.681213Z", "level": "INFO", "logger": "processor", "msg": "Procesamiento OK", "module": "processor", "func": "process_ticket", "line": 55, "request_id": "70ca756e-a4d5-4bcd-9d29-d0967f2bdb0c", "ticket_id": "T-1002", "stage": "end"}
{"ts": "2025-09-26T02:11:58.746805Z", "level": "INFO", "logger": "notifier", "msg": "Telegram config snapshot", "module": "notifier", "func": "<module>", "line": 13, "request_id": null, "ticket_id": null, "stage": "startup", "extra": {"has_token": true, "has_chat_id": true}}
{"ts": "2025-09-26T02:11:58.871795Z", "level": "INFO", "logger": "api", "msg": "DLQ pruned on startup: 0 files", "module": "main", "func": "<module>", "line": 16, "request_id": null}
{"ts": "2025-09-26T02:15:25.328542Z", "level": "INFO", "logger": "processor", "msg": "Procesando ticket", "module": "processor", "func": "process_ticket", "line": 25, "request_id": "e3c28966-13cc-4d9e-9331-91dbf5e3bf54", "ticket_id": "T-2001", "stage": "start"}
{"ts": "2025-09-26T02:15:25.328542Z", "level": "INFO", "logger": "processor", "msg": "Clasificación OK", "module": "processor", "func": "process_ticket", "line": 30, "request_id": "e3c28966-13cc-4d9e-9331-91dbf5e3bf54", "ticket_id": "T-2001", "stage": "classify"}
{"ts": "2025-09-26T02:15:26.225484Z", "level": "INFO", "logger": "notifier", "msg": "Notificación Telegram enviada", "module": "notifier", "func": "send_telegram_message", "line": 33, "request_id": "e3c28966-13cc-4d9e-9331-91dbf5e3bf54"}
{"ts": "2025-09-26T02:15:26.225484Z", "level": "INFO", "logger": "processor", "msg": "Notificación P1 OK", "module": "processor", "func": "process_ticket", "line": 53, "request_id": "e3c28966-13cc-4d9e-9331-91dbf5e3bf54", "ticket_id": "T-2001", "stage": "notify"}
{"ts": "2025-09-26T02:15:26.225484Z", "level": "INFO", "logger": "processor", "msg": "Procesamiento OK", "module": "processor", "func": "process_ticket", "line": 55, "request_id": "e3c28966-13cc-4d9e-9331-91dbf5e3bf54", "ticket_id": "T-2001", "stage": "end"}
{"ts": "2025-09-26T02:15:26.225484Z", "level": "INFO", "logger": "processor", "msg": "Procesando ticket", "module": "processor", "func": "process_ticket", "line": 25, "request_id": "e3c28966-13cc-4d9e-9331-91dbf5e3bf54", "ticket_id": "T-2002", "stage": "start"}
{"ts": "2025-09-26T02:15:26.225484Z", "level": "INFO", "logger": "processor", "msg": "Clasificación OK", "module": "processor", "func": "process_ticket", "line": 30, "request_id": "e3c28966-13cc-4d9e-9331-91dbf5e3bf54", "ticket_id": "T-2002", "stage": "classify"}
{"ts": "2025-09-26T02:15:26.225484Z", "level": "INFO", "logger": "processor", "msg": "Procesamiento OK", "module": "processor", "func": "process_ticket", "line": 55, "request_id": "e3c28966-13cc-4d9e-9331-91dbf5e3bf54", "ticket_id": "T-2002", "stage": "end"}
